0 info it worked if it ends with ok
1 verbose cli [ '/usr/local/Cellar/node/6.3.1/bin/node',
1 verbose cli   '/usr/local/bin/npm',
1 verbose cli   'run',
1 verbose cli   'test-ios' ]
2 info using npm@3.10.3
3 info using node@v6.3.1
4 verbose run-script [ 'pretest-ios', 'test-ios', 'posttest-ios' ]
5 info lifecycle protractor-cucumber-tests@1.0.0~pretest-ios: protractor-cucumber-tests@1.0.0
6 silly lifecycle protractor-cucumber-tests@1.0.0~pretest-ios: no script for pretest-ios, continuing
7 info lifecycle protractor-cucumber-tests@1.0.0~test-ios: protractor-cucumber-tests@1.0.0
8 verbose lifecycle protractor-cucumber-tests@1.0.0~test-ios: unsafe-perm in lifecycle true
9 verbose lifecycle protractor-cucumber-tests@1.0.0~test-ios: PATH: /usr/local/lib/node_modules/npm/bin/node-gyp-bin:/Users/dwanniarachchi/Workspace/Protractor_Cucumber/node_modules/.bin:/usr/local/Cellar/node/6.3.1/bin:/Users/dwanniarachchi/.rvm/gems/ruby-2.3.1/bin:/Users/dwanniarachchi/.rvm/gems/ruby-2.3.1@global/bin:/Users/dwanniarachchi/.rvm/rubies/ruby-2.3.1/bin:/usr/local/bin:/usr/bin:/bin:/usr/sbin:/sbin:/Users/dwanniarachchi/.rvm/bin:/Library/Java/JavaVirtualMachines/jdk1.8.0_102.jdk/Contents/Home/bin:/Users/dwanniarachchi/Library/Android/sdk/tools:/Users/dwanniarachchi/Library/Android/sdk/platform-tools:/usr/local/Cellar/maven/3.3.9/libexec/bin:/usr/local/share/npm/bin/
10 verbose lifecycle protractor-cucumber-tests@1.0.0~test-ios: CWD: /Users/dwanniarachchi/Workspace/Protractor_Cucumber
11 silly lifecycle protractor-cucumber-tests@1.0.0~test-ios: Args: [ '-c', 'protractor conf-appium-ipad4.js' ]
12 silly lifecycle protractor-cucumber-tests@1.0.0~test-ios: Returned: code: 1  signal: null
13 info lifecycle protractor-cucumber-tests@1.0.0~test-ios: Failed to exec test-ios script
14 verbose stack Error: protractor-cucumber-tests@1.0.0 test-ios: `protractor conf-appium-ipad4.js`
14 verbose stack Exit status 1
14 verbose stack     at EventEmitter.<anonymous> (/usr/local/lib/node_modules/npm/lib/utils/lifecycle.js:242:16)
14 verbose stack     at emitTwo (events.js:106:13)
14 verbose stack     at EventEmitter.emit (events.js:191:7)
14 verbose stack     at ChildProcess.<anonymous> (/usr/local/lib/node_modules/npm/lib/utils/spawn.js:40:14)
14 verbose stack     at emitTwo (events.js:106:13)
14 verbose stack     at ChildProcess.emit (events.js:191:7)
14 verbose stack     at maybeClose (internal/child_process.js:852:16)
14 verbose stack     at Process.ChildProcess._handle.onexit (internal/child_process.js:215:5)
15 verbose pkgid protractor-cucumber-tests@1.0.0
16 verbose cwd /Users/dwanniarachchi/Workspace/Protractor_Cucumber
17 error Darwin 16.1.0
18 error argv "/usr/local/Cellar/node/6.3.1/bin/node" "/usr/local/bin/npm" "run" "test-ios"
19 error node v6.3.1
20 error npm  v3.10.3
21 error code ELIFECYCLE
22 error protractor-cucumber-tests@1.0.0 test-ios: `protractor conf-appium-ipad4.js`
22 error Exit status 1
23 error Failed at the protractor-cucumber-tests@1.0.0 test-ios script 'protractor conf-appium-ipad4.js'.
23 error Make sure you have the latest version of node.js and npm installed.
23 error If you do, this is most likely a problem with the protractor-cucumber-tests package,
23 error not with npm itself.
23 error Tell the author that this fails on your system:
23 error     protractor conf-appium-ipad4.js
23 error You can get information on how to open an issue for this project with:
23 error     npm bugs protractor-cucumber-tests
23 error Or if that isn't available, you can get their info via:
23 error     npm owner ls protractor-cucumber-tests
23 error There is likely additional logging output above.
24 verbose exit [ 1, true ]
